The system is: Linux - 5.13.13_1 - x86_64
Compiling the C compiler identification source file "CMakeCCompilerId.c" succeeded.
Compiler: /bin/cc 
Build flags: 
Id flags:  

The output was:
0


Compilation of the C compiler identification source "CMakeCCompilerId.c" produced "a.out"

The C compiler identification is GNU, found in "/works/packages/libqtxdg/trunk/core/build/CMakeFiles/3.21.1/CompilerIdC/a.out"

Compiling the CXX compiler identification source file "CMakeCXXCompilerId.cpp" succeeded.
Compiler: /bin/c++ 
Build flags: 
Id flags:  

The output was:
0


Compilation of the CXX compiler identification source "CMakeCXXCompilerId.cpp" produced "a.out"

The CXX compiler identification is GNU, found in "/works/packages/libqtxdg/trunk/core/build/CMakeFiles/3.21.1/CompilerIdCXX/a.out"

Detecting C compiler ABI info compiled with the following output:
Change Dir: /works/packages/libqtxdg/trunk/core/build/CMakeFiles/CMakeTmp

Run Build Command(s):/bin/make -f Makefile cmTC_4fe62/fast && /bin/make  -f CMakeFiles/cmTC_4fe62.dir/build.make CMakeFiles/cmTC_4fe62.dir/build
make[1]: Entering directory '/works/packages/libqtxdg/trunk/core/build/CMakeFiles/CMakeTmp'
Building C object CMakeFiles/cmTC_4fe62.dir/CMakeCCompilerABI.c.o
/bin/cc   -v -o CMakeFiles/cmTC_4fe62.dir/CMakeCCompilerABI.c.o -c /usr/share/cmake-3.21/Modules/CMakeCCompilerABI.c
Using built-in specs.
COLLECT_GCC=/bin/cc
Target: x86_64-linux-musl
Configured with: /builddir/gcc-10.2.1_pre1/configure --build=x86_64-linux-musl --disable-gnu-unique-object --disable-libsanitizer --disable-symvers libat_cv_have_ifunc=no --enable-vtable-verify --prefix=/usr --mandir=/usr/share/man --infodir=/usr/share/info --libexecdir=/usr/lib64 --libdir=/usr/lib64 --enable-threads=posix --enable-__cxa_atexit --disable-multilib --with-system-zlib --enable-shared --enable-lto --enable-plugins --enable-linker-build-id --disable-werror --disable-nls --enable-default-pie --enable-default-ssp --enable-checking=release --disable-libstdcxx-pch --with-isl --with-linker-hash-style=gnu --disable-sjlj-exceptions --disable-target-libiberty --enable-languages=c,c++,objc,obj-c++,fortran,lto,go,ada
Thread model: posix
Supported LTO compression algorithms: zlib
gcc version 10.2.1 20201203 (GCC) 
COLLECT_GCC_OPTIONS='-v' '-o' 'CMakeFiles/cmTC_4fe62.dir/CMakeCCompilerABI.c.o' '-c' '-mtune=generic' '-march=x86-64'
 /usr/lib64/gcc/x86_64-linux-musl/10.2.1/cc1 -quiet -v /usr/share/cmake-3.21/Modules/CMakeCCompilerABI.c -quiet -dumpbase CMakeCCompilerABI.c -mtune=generic -march=x86-64 -auxbase-strip CMakeFiles/cmTC_4fe62.dir/CMakeCCompilerABI.c.o -version -o /tmp/ccOnhiAC.s
GNU C17 (GCC) version 10.2.1 20201203 (x86_64-linux-musl)
	compiled by GNU C version 10.2.1 20201203, GMP version 6.2.0, MPFR version 4.1.0, MPC version 1.1.0, isl version isl-0.21-GMP

GGC heuristics: --param ggc-min-expand=100 --param ggc-min-heapsize=131072
ignoring nonexistent directory "/usr/lib64/gcc/x86_64-linux-musl/10.2.1/../../../../x86_64-linux-musl/include"
#include "..." search starts here:
#include <...> search starts here:
 /usr/local/include
 /usr/include
 /usr/lib64/gcc/x86_64-linux-musl/10.2.1/include
End of search list.
GNU C17 (GCC) version 10.2.1 20201203 (x86_64-linux-musl)
	compiled by GNU C version 10.2.1 20201203, GMP version 6.2.0, MPFR version 4.1.0, MPC version 1.1.0, isl version isl-0.21-GMP

GGC heuristics: --param ggc-min-expand=100 --param ggc-min-heapsize=131072
Compiler executable checksum: cac6158e76fbae8aa0d5bf6a88ad0f27
COLLECT_GCC_OPTIONS='-v' '-o' 'CMakeFiles/cmTC_4fe62.dir/CMakeCCompilerABI.c.o' '-c' '-mtune=generic' '-march=x86-64'
 as -v --64 -o CMakeFiles/cmTC_4fe62.dir/CMakeCCompilerABI.c.o /tmp/ccOnhiAC.s
GNU assembler version 2.35.1 (x86_64-unknown-linux-musl) using BFD version (GNU Binutils) 2.35.1
COMPILER_PATH=/usr/lib64/gcc/x86_64-linux-musl/10.2.1/:/usr/lib64/gcc/x86_64-linux-musl/10.2.1/:/usr/lib64/gcc/x86_64-linux-musl/:/usr/lib64/gcc/x86_64-linux-musl/10.2.1/:/usr/lib64/gcc/x86_64-linux-musl/
LIBRARY_PATH=/usr/lib64/gcc/x86_64-linux-musl/10.2.1/:/usr/lib64/gcc/x86_64-linux-musl/10.2.1/../../../../lib64/:/lib/../lib64/:/usr/lib/../lib64/:/usr/lib64/gcc/x86_64-linux-musl/10.2.1/../../../:/lib/:/usr/lib/
COLLECT_GCC_OPTIONS='-v' '-o' 'CMakeFiles/cmTC_4fe62.dir/CMakeCCompilerABI.c.o' '-c' '-mtune=generic' '-march=x86-64'
Linking C executable cmTC_4fe62
/usr/bin/cmake -E cmake_link_script CMakeFiles/cmTC_4fe62.dir/link.txt --verbose=1
/bin/cc  -v -rdynamic CMakeFiles/cmTC_4fe62.dir/CMakeCCompilerABI.c.o -o cmTC_4fe62 
Using built-in specs.
COLLECT_GCC=/bin/cc
COLLECT_LTO_WRAPPER=/usr/lib64/gcc/x86_64-linux-musl/10.2.1/lto-wrapper
Target: x86_64-linux-musl
Configured with: /builddir/gcc-10.2.1_pre1/configure --build=x86_64-linux-musl --disable-gnu-unique-object --disable-libsanitizer --disable-symvers libat_cv_have_ifunc=no --enable-vtable-verify --prefix=/usr --mandir=/usr/share/man --infodir=/usr/share/info --libexecdir=/usr/lib64 --libdir=/usr/lib64 --enable-threads=posix --enable-__cxa_atexit --disable-multilib --with-system-zlib --enable-shared --enable-lto --enable-plugins --enable-linker-build-id --disable-werror --disable-nls --enable-default-pie --enable-default-ssp --enable-checking=release --disable-libstdcxx-pch --with-isl --with-linker-hash-style=gnu --disable-sjlj-exceptions --disable-target-libiberty --enable-languages=c,c++,objc,obj-c++,fortran,lto,go,ada
Thread model: posix
Supported LTO compression algorithms: zlib
gcc version 10.2.1 20201203 (GCC) 
COMPILER_PATH=/usr/lib64/gcc/x86_64-linux-musl/10.2.1/:/usr/lib64/gcc/x86_64-linux-musl/10.2.1/:/usr/lib64/gcc/x86_64-linux-musl/:/usr/lib64/gcc/x86_64-linux-musl/10.2.1/:/usr/lib64/gcc/x86_64-linux-musl/
LIBRARY_PATH=/usr/lib64/gcc/x86_64-linux-musl/10.2.1/:/usr/lib64/gcc/x86_64-linux-musl/10.2.1/../../../../lib64/:/lib/../lib64/:/usr/lib/../lib64/:/usr/lib64/gcc/x86_64-linux-musl/10.2.1/../../../:/lib/:/usr/lib/
COLLECT_GCC_OPTIONS='-v' '-rdynamic' '-o' 'cmTC_4fe62' '-mtune=generic' '-march=x86-64'
 /usr/lib64/gcc/x86_64-linux-musl/10.2.1/collect2 -plugin /usr/lib64/gcc/x86_64-linux-musl/10.2.1/liblto_plugin.so -plugin-opt=/usr/lib64/gcc/x86_64-linux-musl/10.2.1/lto-wrapper -plugin-opt=-fresolution=/tmp/ccbodPiN.res -plugin-opt=-pass-through=-lgcc -plugin-opt=-pass-through=-lgcc_s -plugin-opt=-pass-through=-lc -plugin-opt=-pass-through=-lgcc -plugin-opt=-pass-through=-lgcc_s --build-id --eh-frame-hdr --hash-style=gnu -m elf_x86_64 -export-dynamic -dynamic-linker /lib/ld-musl-x86_64.so.1 -pie -o cmTC_4fe62 /usr/lib64/gcc/x86_64-linux-musl/10.2.1/../../../../lib64/Scrt1.o /usr/lib64/gcc/x86_64-linux-musl/10.2.1/../../../../lib64/crti.o /usr/lib64/gcc/x86_64-linux-musl/10.2.1/crtbeginS.o -L/usr/lib64/gcc/x86_64-linux-musl/10.2.1 -L/usr/lib64/gcc/x86_64-linux-musl/10.2.1/../../../../lib64 -L/lib/../lib64 -L/usr/lib/../lib64 -L/usr/lib64/gcc/x86_64-linux-musl/10.2.1/../../.. CMakeFiles/cmTC_4fe62.dir/CMakeCCompilerABI.c.o -lssp_nonshared -lgcc --push-state --as-needed -lgcc_s --pop-state -lc -lgcc --push-state --as-needed -lgcc_s --pop-state /usr/lib64/gcc/x86_64-linux-musl/10.2.1/crtendS.o /usr/lib64/gcc/x86_64-linux-musl/10.2.1/../../../../lib64/crtn.o
COLLECT_GCC_OPTIONS='-v' '-rdynamic' '-o' 'cmTC_4fe62' '-mtune=generic' '-march=x86-64'
make[1]: Leaving directory '/works/packages/libqtxdg/trunk/core/build/CMakeFiles/CMakeTmp'



Parsed C implicit include dir info from above output: rv=done
  found start of include info
  found start of implicit include info
    add: [/usr/local/include]
    add: [/usr/include]
    add: [/usr/lib64/gcc/x86_64-linux-musl/10.2.1/include]
  end of search list found
  collapse include dir [/usr/local/include] ==> [/usr/local/include]
  collapse include dir [/usr/include] ==> [/usr/include]
  collapse include dir [/usr/lib64/gcc/x86_64-linux-musl/10.2.1/include] ==> [/usr/lib64/gcc/x86_64-linux-musl/10.2.1/include]
  implicit include dirs: [/usr/local/include;/usr/include;/usr/lib64/gcc/x86_64-linux-musl/10.2.1/include]


Parsed C implicit link information from above output:
  link line regex: [^( *|.*[/\])(ld|CMAKE_LINK_STARTFILE-NOTFOUND|([^/\]+-)?ld|collect2)[^/\]*( |$)]
  ignore line: [Change Dir: /works/packages/libqtxdg/trunk/core/build/CMakeFiles/CMakeTmp]
  ignore line: []
  ignore line: [Run Build Command(s):/bin/make -f Makefile cmTC_4fe62/fast && /bin/make  -f CMakeFiles/cmTC_4fe62.dir/build.make CMakeFiles/cmTC_4fe62.dir/build]
  ignore line: [make[1]: Entering directory '/works/packages/libqtxdg/trunk/core/build/CMakeFiles/CMakeTmp']
  ignore line: [Building C object CMakeFiles/cmTC_4fe62.dir/CMakeCCompilerABI.c.o]
  ignore line: [/bin/cc   -v -o CMakeFiles/cmTC_4fe62.dir/CMakeCCompilerABI.c.o -c /usr/share/cmake-3.21/Modules/CMakeCCompilerABI.c]
  ignore line: [Using built-in specs.]
  ignore line: [COLLECT_GCC=/bin/cc]
  ignore line: [Target: x86_64-linux-musl]
  ignore line: [Configured with: /builddir/gcc-10.2.1_pre1/configure --build=x86_64-linux-musl --disable-gnu-unique-object --disable-libsanitizer --disable-symvers libat_cv_have_ifunc=no --enable-vtable-verify --prefix=/usr --mandir=/usr/share/man --infodir=/usr/share/info --libexecdir=/usr/lib64 --libdir=/usr/lib64 --enable-threads=posix --enable-__cxa_atexit --disable-multilib --with-system-zlib --enable-shared --enable-lto --enable-plugins --enable-linker-build-id --disable-werror --disable-nls --enable-default-pie --enable-default-ssp --enable-checking=release --disable-libstdcxx-pch --with-isl --with-linker-hash-style=gnu --disable-sjlj-exceptions --disable-target-libiberty --enable-languages=c c++ objc obj-c++ fortran lto go ada]
  ignore line: [Thread model: posix]
  ignore line: [Supported LTO compression algorithms: zlib]
  ignore line: [gcc version 10.2.1 20201203 (GCC) ]
  ignore line: [COLLECT_GCC_OPTIONS='-v' '-o' 'CMakeFiles/cmTC_4fe62.dir/CMakeCCompilerABI.c.o' '-c' '-mtune=generic' '-march=x86-64']
  ignore line: [ /usr/lib64/gcc/x86_64-linux-musl/10.2.1/cc1 -quiet -v /usr/share/cmake-3.21/Modules/CMakeCCompilerABI.c -quiet -dumpbase CMakeCCompilerABI.c -mtune=generic -march=x86-64 -auxbase-strip CMakeFiles/cmTC_4fe62.dir/CMakeCCompilerABI.c.o -version -o /tmp/ccOnhiAC.s]
  ignore line: [GNU C17 (GCC) version 10.2.1 20201203 (x86_64-linux-musl)]
  ignore line: [	compiled by GNU C version 10.2.1 20201203  GMP version 6.2.0  MPFR version 4.1.0  MPC version 1.1.0  isl version isl-0.21-GMP]
  ignore line: []
  ignore line: [GGC heuristics: --param ggc-min-expand=100 --param ggc-min-heapsize=131072]
  ignore line: [ignoring nonexistent directory "/usr/lib64/gcc/x86_64-linux-musl/10.2.1/../../../../x86_64-linux-musl/include"]
  ignore line: [#include "..." search starts here:]
  ignore line: [#include <...> search starts here:]
  ignore line: [ /usr/local/include]
  ignore line: [ /usr/include]
  ignore line: [ /usr/lib64/gcc/x86_64-linux-musl/10.2.1/include]
  ignore line: [End of search list.]
  ignore line: [GNU C17 (GCC) version 10.2.1 20201203 (x86_64-linux-musl)]
  ignore line: [	compiled by GNU C version 10.2.1 20201203  GMP version 6.2.0  MPFR version 4.1.0  MPC version 1.1.0  isl version isl-0.21-GMP]
  ignore line: []
  ignore line: [GGC heuristics: --param ggc-min-expand=100 --param ggc-min-heapsize=131072]
  ignore line: [Compiler executable checksum: cac6158e76fbae8aa0d5bf6a88ad0f27]
  ignore line: [COLLECT_GCC_OPTIONS='-v' '-o' 'CMakeFiles/cmTC_4fe62.dir/CMakeCCompilerABI.c.o' '-c' '-mtune=generic' '-march=x86-64']
  ignore line: [ as -v --64 -o CMakeFiles/cmTC_4fe62.dir/CMakeCCompilerABI.c.o /tmp/ccOnhiAC.s]
  ignore line: [GNU assembler version 2.35.1 (x86_64-unknown-linux-musl) using BFD version (GNU Binutils) 2.35.1]
  ignore line: [COMPILER_PATH=/usr/lib64/gcc/x86_64-linux-musl/10.2.1/:/usr/lib64/gcc/x86_64-linux-musl/10.2.1/:/usr/lib64/gcc/x86_64-linux-musl/:/usr/lib64/gcc/x86_64-linux-musl/10.2.1/:/usr/lib64/gcc/x86_64-linux-musl/]
  ignore line: [LIBRARY_PATH=/usr/lib64/gcc/x86_64-linux-musl/10.2.1/:/usr/lib64/gcc/x86_64-linux-musl/10.2.1/../../../../lib64/:/lib/../lib64/:/usr/lib/../lib64/:/usr/lib64/gcc/x86_64-linux-musl/10.2.1/../../../:/lib/:/usr/lib/]
  ignore line: [COLLECT_GCC_OPTIONS='-v' '-o' 'CMakeFiles/cmTC_4fe62.dir/CMakeCCompilerABI.c.o' '-c' '-mtune=generic' '-march=x86-64']
  ignore line: [Linking C executable cmTC_4fe62]
  ignore line: [/usr/bin/cmake -E cmake_link_script CMakeFiles/cmTC_4fe62.dir/link.txt --verbose=1]
  ignore line: [/bin/cc  -v -rdynamic CMakeFiles/cmTC_4fe62.dir/CMakeCCompilerABI.c.o -o cmTC_4fe62 ]
  ignore line: [Using built-in specs.]
  ignore line: [COLLECT_GCC=/bin/cc]
  ignore line: [COLLECT_LTO_WRAPPER=/usr/lib64/gcc/x86_64-linux-musl/10.2.1/lto-wrapper]
  ignore line: [Target: x86_64-linux-musl]
  ignore line: [Configured with: /builddir/gcc-10.2.1_pre1/configure --build=x86_64-linux-musl --disable-gnu-unique-object --disable-libsanitizer --disable-symvers libat_cv_have_ifunc=no --enable-vtable-verify --prefix=/usr --mandir=/usr/share/man --infodir=/usr/share/info --libexecdir=/usr/lib64 --libdir=/usr/lib64 --enable-threads=posix --enable-__cxa_atexit --disable-multilib --with-system-zlib --enable-shared --enable-lto --enable-plugins --enable-linker-build-id --disable-werror --disable-nls --enable-default-pie --enable-default-ssp --enable-checking=release --disable-libstdcxx-pch --with-isl --with-linker-hash-style=gnu --disable-sjlj-exceptions --disable-target-libiberty --enable-languages=c c++ objc obj-c++ fortran lto go ada]
  ignore line: [Thread model: posix]
  ignore line: [Supported LTO compression algorithms: zlib]
  ignore line: [gcc version 10.2.1 20201203 (GCC) ]
  ignore line: [COMPILER_PATH=/usr/lib64/gcc/x86_64-linux-musl/10.2.1/:/usr/lib64/gcc/x86_64-linux-musl/10.2.1/:/usr/lib64/gcc/x86_64-linux-musl/:/usr/lib64/gcc/x86_64-linux-musl/10.2.1/:/usr/lib64/gcc/x86_64-linux-musl/]
  ignore line: [LIBRARY_PATH=/usr/lib64/gcc/x86_64-linux-musl/10.2.1/:/usr/lib64/gcc/x86_64-linux-musl/10.2.1/../../../../lib64/:/lib/../lib64/:/usr/lib/../lib64/:/usr/lib64/gcc/x86_64-linux-musl/10.2.1/../../../:/lib/:/usr/lib/]
  ignore line: [COLLECT_GCC_OPTIONS='-v' '-rdynamic' '-o' 'cmTC_4fe62' '-mtune=generic' '-march=x86-64']
  link line: [ /usr/lib64/gcc/x86_64-linux-musl/10.2.1/collect2 -plugin /usr/lib64/gcc/x86_64-linux-musl/10.2.1/liblto_plugin.so -plugin-opt=/usr/lib64/gcc/x86_64-linux-musl/10.2.1/lto-wrapper -plugin-opt=-fresolution=/tmp/ccbodPiN.res -plugin-opt=-pass-through=-lgcc -plugin-opt=-pass-through=-lgcc_s -plugin-opt=-pass-through=-lc -plugin-opt=-pass-through=-lgcc -plugin-opt=-pass-through=-lgcc_s --build-id --eh-frame-hdr --hash-style=gnu -m elf_x86_64 -export-dynamic -dynamic-linker /lib/ld-musl-x86_64.so.1 -pie -o cmTC_4fe62 /usr/lib64/gcc/x86_64-linux-musl/10.2.1/../../../../lib64/Scrt1.o /usr/lib64/gcc/x86_64-linux-musl/10.2.1/../../../../lib64/crti.o /usr/lib64/gcc/x86_64-linux-musl/10.2.1/crtbeginS.o -L/usr/lib64/gcc/x86_64-linux-musl/10.2.1 -L/usr/lib64/gcc/x86_64-linux-musl/10.2.1/../../../../lib64 -L/lib/../lib64 -L/usr/lib/../lib64 -L/usr/lib64/gcc/x86_64-linux-musl/10.2.1/../../.. CMakeFiles/cmTC_4fe62.dir/CMakeCCompilerABI.c.o -lssp_nonshared -lgcc --push-state --as-needed -lgcc_s --pop-state -lc -lgcc --push-state --as-needed -lgcc_s --pop-state /usr/lib64/gcc/x86_64-linux-musl/10.2.1/crtendS.o /usr/lib64/gcc/x86_64-linux-musl/10.2.1/../../../../lib64/crtn.o]
    arg [/usr/lib64/gcc/x86_64-linux-musl/10.2.1/collect2] ==> ignore
    arg [-plugin] ==> ignore
    arg [/usr/lib64/gcc/x86_64-linux-musl/10.2.1/liblto_plugin.so] ==> ignore
    arg [-plugin-opt=/usr/lib64/gcc/x86_64-linux-musl/10.2.1/lto-wrapper] ==> ignore
    arg [-plugin-opt=-fresolution=/tmp/ccbodPiN.res] ==> ignore
    arg [-plugin-opt=-pass-through=-lgcc] ==> ignore
    arg [-plugin-opt=-pass-through=-lgcc_s] ==> ignore
    arg [-plugin-opt=-pass-through=-lc] ==> ignore
    arg [-plugin-opt=-pass-through=-lgcc] ==> ignore
    arg [-plugin-opt=-pass-through=-lgcc_s] ==> ignore
    arg [--build-id] ==> ignore
    arg [--eh-frame-hdr] ==> ignore
    arg [--hash-style=gnu] ==> ignore
    arg [-m] ==> ignore
    arg [elf_x86_64] ==> ignore
    arg [-export-dynamic] ==> ignore
    arg [-dynamic-linker] ==> ignore
    arg [/lib/ld-musl-x86_64.so.1] ==> ignore
    arg [-pie] ==> ignore
    arg [-o] ==> ignore
    arg [cmTC_4fe62] ==> ignore
    arg [/usr/lib64/gcc/x86_64-linux-musl/10.2.1/../../../../lib64/Scrt1.o] ==> obj [/usr/lib64/gcc/x86_64-linux-musl/10.2.1/../../../../lib64/Scrt1.o]
    arg [/usr/lib64/gcc/x86_64-linux-musl/10.2.1/../../../../lib64/crti.o] ==> obj [/usr/lib64/gcc/x86_64-linux-musl/10.2.1/../../../../lib64/crti.o]
    arg [/usr/lib64/gcc/x86_64-linux-musl/10.2.1/crtbeginS.o] ==> obj [/usr/lib64/gcc/x86_64-linux-musl/10.2.1/crtbeginS.o]
    arg [-L/usr/lib64/gcc/x86_64-linux-musl/10.2.1] ==> dir [/usr/lib64/gcc/x86_64-linux-musl/10.2.1]
    arg [-L/usr/lib64/gcc/x86_64-linux-musl/10.2.1/../../../../lib64] ==> dir [/usr/lib64/gcc/x86_64-linux-musl/10.2.1/../../../../lib64]
    arg [-L/lib/../lib64] ==> dir [/lib/../lib64]
    arg [-L/usr/lib/../lib64] ==> dir [/usr/lib/../lib64]
    arg [-L/usr/lib64/gcc/x86_64-linux-musl/10.2.1/../../..] ==> dir [/usr/lib64/gcc/x86_64-linux-musl/10.2.1/../../..]
    arg [CMakeFiles/cmTC_4fe62.dir/CMakeCCompilerABI.c.o] ==> ignore
    arg [-lssp_nonshared] ==> lib [ssp_nonshared]
    arg [-lgcc] ==> lib [gcc]
    arg [--push-state] ==> ignore
    arg [--as-needed] ==> ignore
    arg [-lgcc_s] ==> lib [gcc_s]
    arg [--pop-state] ==> ignore
    arg [-lc] ==> lib [c]
    arg [-lgcc] ==> lib [gcc]
    arg [--push-state] ==> ignore
    arg [--as-needed] ==> ignore
    arg [-lgcc_s] ==> lib [gcc_s]
    arg [--pop-state] ==> ignore
    arg [/usr/lib64/gcc/x86_64-linux-musl/10.2.1/crtendS.o] ==> obj [/usr/lib64/gcc/x86_64-linux-musl/10.2.1/crtendS.o]
    arg [/usr/lib64/gcc/x86_64-linux-musl/10.2.1/../../../../lib64/crtn.o] ==> obj [/usr/lib64/gcc/x86_64-linux-musl/10.2.1/../../../../lib64/crtn.o]
  collapse obj [/usr/lib64/gcc/x86_64-linux-musl/10.2.1/../../../../lib64/Scrt1.o] ==> [/usr/lib64/Scrt1.o]
  collapse obj [/usr/lib64/gcc/x86_64-linux-musl/10.2.1/../../../../lib64/crti.o] ==> [/usr/lib64/crti.o]
  collapse obj [/usr/lib64/gcc/x86_64-linux-musl/10.2.1/../../../../lib64/crtn.o] ==> [/usr/lib64/crtn.o]
  collapse library dir [/usr/lib64/gcc/x86_64-linux-musl/10.2.1] ==> [/usr/lib64/gcc/x86_64-linux-musl/10.2.1]
  collapse library dir [/usr/lib64/gcc/x86_64-linux-musl/10.2.1/../../../../lib64] ==> [/usr/lib64]
  collapse library dir [/lib/../lib64] ==> [/lib64]
  collapse library dir [/usr/lib/../lib64] ==> [/usr/lib64]
  collapse library dir [/usr/lib64/gcc/x86_64-linux-musl/10.2.1/../../..] ==> [/usr/lib64]
  implicit libs: [ssp_nonshared;gcc;gcc_s;c;gcc;gcc_s]
  implicit objs: [/usr/lib64/Scrt1.o;/usr/lib64/crti.o;/usr/lib64/gcc/x86_64-linux-musl/10.2.1/crtbeginS.o;/usr/lib64/gcc/x86_64-linux-musl/10.2.1/crtendS.o;/usr/lib64/crtn.o]
  implicit dirs: [/usr/lib64/gcc/x86_64-linux-musl/10.2.1;/usr/lib64;/lib64]
  implicit fwks: []


Detecting CXX compiler ABI info compiled with the following output:
Change Dir: /works/packages/libqtxdg/trunk/core/build/CMakeFiles/CMakeTmp

Run Build Command(s):/bin/make -f Makefile cmTC_259a0/fast && /bin/make  -f CMakeFiles/cmTC_259a0.dir/build.make CMakeFiles/cmTC_259a0.dir/build
make[1]: Entering directory '/works/packages/libqtxdg/trunk/core/build/CMakeFiles/CMakeTmp'
Building CXX object CMakeFiles/cmTC_259a0.dir/CMakeCXXCompilerABI.cpp.o
/bin/c++   -v -o CMakeFiles/cmTC_259a0.dir/CMakeCXXCompilerABI.cpp.o -c /usr/share/cmake-3.21/Modules/CMakeCXXCompilerABI.cpp
Using built-in specs.
COLLECT_GCC=/bin/c++
Target: x86_64-linux-musl
Configured with: /builddir/gcc-10.2.1_pre1/configure --build=x86_64-linux-musl --disable-gnu-unique-object --disable-libsanitizer --disable-symvers libat_cv_have_ifunc=no --enable-vtable-verify --prefix=/usr --mandir=/usr/share/man --infodir=/usr/share/info --libexecdir=/usr/lib64 --libdir=/usr/lib64 --enable-threads=posix --enable-__cxa_atexit --disable-multilib --with-system-zlib --enable-shared --enable-lto --enable-plugins --enable-linker-build-id --disable-werror --disable-nls --enable-default-pie --enable-default-ssp --enable-checking=release --disable-libstdcxx-pch --with-isl --with-linker-hash-style=gnu --disable-sjlj-exceptions --disable-target-libiberty --enable-languages=c,c++,objc,obj-c++,fortran,lto,go,ada
Thread model: posix
Supported LTO compression algorithms: zlib
gcc version 10.2.1 20201203 (GCC) 
COLLECT_GCC_OPTIONS='-v' '-o' 'CMakeFiles/cmTC_259a0.dir/CMakeCXXCompilerABI.cpp.o' '-c' '-shared-libgcc' '-mtune=generic' '-march=x86-64'
 /usr/lib64/gcc/x86_64-linux-musl/10.2.1/cc1plus -quiet -v -D_GNU_SOURCE /usr/share/cmake-3.21/Modules/CMakeCXXCompilerABI.cpp -quiet -dumpbase CMakeCXXCompilerABI.cpp -mtune=generic -march=x86-64 -auxbase-strip CMakeFiles/cmTC_259a0.dir/CMakeCXXCompilerABI.cpp.o -version -o /tmp/ccpCpNbg.s
GNU C++14 (GCC) version 10.2.1 20201203 (x86_64-linux-musl)
	compiled by GNU C version 10.2.1 20201203, GMP version 6.2.0, MPFR version 4.1.0, MPC version 1.1.0, isl version isl-0.21-GMP

GGC heuristics: --param ggc-min-expand=100 --param ggc-min-heapsize=131072
ignoring nonexistent directory "/usr/lib64/gcc/x86_64-linux-musl/10.2.1/../../../../x86_64-linux-musl/include"
#include "..." search starts here:
#include <...> search starts here:
 /usr/lib64/gcc/x86_64-linux-musl/10.2.1/../../../../include/c++/10.2.1
 /usr/lib64/gcc/x86_64-linux-musl/10.2.1/../../../../include/c++/10.2.1/x86_64-linux-musl
 /usr/lib64/gcc/x86_64-linux-musl/10.2.1/../../../../include/c++/10.2.1/backward
 /usr/local/include
 /usr/include
 /usr/lib64/gcc/x86_64-linux-musl/10.2.1/include
End of search list.
GNU C++14 (GCC) version 10.2.1 20201203 (x86_64-linux-musl)
	compiled by GNU C version 10.2.1 20201203, GMP version 6.2.0, MPFR version 4.1.0, MPC version 1.1.0, isl version isl-0.21-GMP

GGC heuristics: --param ggc-min-expand=100 --param ggc-min-heapsize=131072
Compiler executable checksum: 64f0e223f40ed24f089e03b7c3b032e2
COLLECT_GCC_OPTIONS='-v' '-o' 'CMakeFiles/cmTC_259a0.dir/CMakeCXXCompilerABI.cpp.o' '-c' '-shared-libgcc' '-mtune=generic' '-march=x86-64'
 as -v --64 -o CMakeFiles/cmTC_259a0.dir/CMakeCXXCompilerABI.cpp.o /tmp/ccpCpNbg.s
GNU assembler version 2.35.1 (x86_64-unknown-linux-musl) using BFD version (GNU Binutils) 2.35.1
COMPILER_PATH=/usr/lib64/gcc/x86_64-linux-musl/10.2.1/:/usr/lib64/gcc/x86_64-linux-musl/10.2.1/:/usr/lib64/gcc/x86_64-linux-musl/:/usr/lib64/gcc/x86_64-linux-musl/10.2.1/:/usr/lib64/gcc/x86_64-linux-musl/
LIBRARY_PATH=/usr/lib64/gcc/x86_64-linux-musl/10.2.1/:/usr/lib64/gcc/x86_64-linux-musl/10.2.1/../../../../lib64/:/lib/../lib64/:/usr/lib/../lib64/:/usr/lib64/gcc/x86_64-linux-musl/10.2.1/../../../:/lib/:/usr/lib/
COLLECT_GCC_OPTIONS='-v' '-o' 'CMakeFiles/cmTC_259a0.dir/CMakeCXXCompilerABI.cpp.o' '-c' '-shared-libgcc' '-mtune=generic' '-march=x86-64'
Linking CXX executable cmTC_259a0
/usr/bin/cmake -E cmake_link_script CMakeFiles/cmTC_259a0.dir/link.txt --verbose=1
/bin/c++  -v -rdynamic CMakeFiles/cmTC_259a0.dir/CMakeCXXCompilerABI.cpp.o -o cmTC_259a0 
Using built-in specs.
COLLECT_GCC=/bin/c++
COLLECT_LTO_WRAPPER=/usr/lib64/gcc/x86_64-linux-musl/10.2.1/lto-wrapper
Target: x86_64-linux-musl
Configured with: /builddir/gcc-10.2.1_pre1/configure --build=x86_64-linux-musl --disable-gnu-unique-object --disable-libsanitizer --disable-symvers libat_cv_have_ifunc=no --enable-vtable-verify --prefix=/usr --mandir=/usr/share/man --infodir=/usr/share/info --libexecdir=/usr/lib64 --libdir=/usr/lib64 --enable-threads=posix --enable-__cxa_atexit --disable-multilib --with-system-zlib --enable-shared --enable-lto --enable-plugins --enable-linker-build-id --disable-werror --disable-nls --enable-default-pie --enable-default-ssp --enable-checking=release --disable-libstdcxx-pch --with-isl --with-linker-hash-style=gnu --disable-sjlj-exceptions --disable-target-libiberty --enable-languages=c,c++,objc,obj-c++,fortran,lto,go,ada
Thread model: posix
Supported LTO compression algorithms: zlib
gcc version 10.2.1 20201203 (GCC) 
COMPILER_PATH=/usr/lib64/gcc/x86_64-linux-musl/10.2.1/:/usr/lib64/gcc/x86_64-linux-musl/10.2.1/:/usr/lib64/gcc/x86_64-linux-musl/:/usr/lib64/gcc/x86_64-linux-musl/10.2.1/:/usr/lib64/gcc/x86_64-linux-musl/
LIBRARY_PATH=/usr/lib64/gcc/x86_64-linux-musl/10.2.1/:/usr/lib64/gcc/x86_64-linux-musl/10.2.1/../../../../lib64/:/lib/../lib64/:/usr/lib/../lib64/:/usr/lib64/gcc/x86_64-linux-musl/10.2.1/../../../:/lib/:/usr/lib/
COLLECT_GCC_OPTIONS='-v' '-rdynamic' '-o' 'cmTC_259a0' '-shared-libgcc' '-mtune=generic' '-march=x86-64'
 /usr/lib64/gcc/x86_64-linux-musl/10.2.1/collect2 -plugin /usr/lib64/gcc/x86_64-linux-musl/10.2.1/liblto_plugin.so -plugin-opt=/usr/lib64/gcc/x86_64-linux-musl/10.2.1/lto-wrapper -plugin-opt=-fresolution=/tmp/ccekaNEK.res -plugin-opt=-pass-through=-lgcc_s -plugin-opt=-pass-through=-lgcc -plugin-opt=-pass-through=-lc -plugin-opt=-pass-through=-lgcc_s -plugin-opt=-pass-through=-lgcc --build-id --eh-frame-hdr --hash-style=gnu -m elf_x86_64 -export-dynamic -dynamic-linker /lib/ld-musl-x86_64.so.1 -pie -o cmTC_259a0 /usr/lib64/gcc/x86_64-linux-musl/10.2.1/../../../../lib64/Scrt1.o /usr/lib64/gcc/x86_64-linux-musl/10.2.1/../../../../lib64/crti.o /usr/lib64/gcc/x86_64-linux-musl/10.2.1/crtbeginS.o -L/usr/lib64/gcc/x86_64-linux-musl/10.2.1 -L/usr/lib64/gcc/x86_64-linux-musl/10.2.1/../../../../lib64 -L/lib/../lib64 -L/usr/lib/../lib64 -L/usr/lib64/gcc/x86_64-linux-musl/10.2.1/../../.. CMakeFiles/cmTC_259a0.dir/CMakeCXXCompilerABI.cpp.o -lstdc++ -lm -lssp_nonshared -lgcc_s -lgcc -lc -lgcc_s -lgcc /usr/lib64/gcc/x86_64-linux-musl/10.2.1/crtendS.o /usr/lib64/gcc/x86_64-linux-musl/10.2.1/../../../../lib64/crtn.o
COLLECT_GCC_OPTIONS='-v' '-rdynamic' '-o' 'cmTC_259a0' '-shared-libgcc' '-mtune=generic' '-march=x86-64'
make[1]: Leaving directory '/works/packages/libqtxdg/trunk/core/build/CMakeFiles/CMakeTmp'



Parsed CXX implicit include dir info from above output: rv=done
  found start of include info
  found start of implicit include info
    add: [/usr/lib64/gcc/x86_64-linux-musl/10.2.1/../../../../include/c++/10.2.1]
    add: [/usr/lib64/gcc/x86_64-linux-musl/10.2.1/../../../../include/c++/10.2.1/x86_64-linux-musl]
    add: [/usr/lib64/gcc/x86_64-linux-musl/10.2.1/../../../../include/c++/10.2.1/backward]
    add: [/usr/local/include]
    add: [/usr/include]
    add: [/usr/lib64/gcc/x86_64-linux-musl/10.2.1/include]
  end of search list found
  collapse include dir [/usr/lib64/gcc/x86_64-linux-musl/10.2.1/../../../../include/c++/10.2.1] ==> [/usr/include/c++/10.2.1]
  collapse include dir [/usr/lib64/gcc/x86_64-linux-musl/10.2.1/../../../../include/c++/10.2.1/x86_64-linux-musl] ==> [/usr/include/c++/10.2.1/x86_64-linux-musl]
  collapse include dir [/usr/lib64/gcc/x86_64-linux-musl/10.2.1/../../../../include/c++/10.2.1/backward] ==> [/usr/include/c++/10.2.1/backward]
  collapse include dir [/usr/local/include] ==> [/usr/local/include]
  collapse include dir [/usr/include] ==> [/usr/include]
  collapse include dir [/usr/lib64/gcc/x86_64-linux-musl/10.2.1/include] ==> [/usr/lib64/gcc/x86_64-linux-musl/10.2.1/include]
  implicit include dirs: [/usr/include/c++/10.2.1;/usr/include/c++/10.2.1/x86_64-linux-musl;/usr/include/c++/10.2.1/backward;/usr/local/include;/usr/include;/usr/lib64/gcc/x86_64-linux-musl/10.2.1/include]


Parsed CXX implicit link information from above output:
  link line regex: [^( *|.*[/\])(ld|CMAKE_LINK_STARTFILE-NOTFOUND|([^/\]+-)?ld|collect2)[^/\]*( |$)]
  ignore line: [Change Dir: /works/packages/libqtxdg/trunk/core/build/CMakeFiles/CMakeTmp]
  ignore line: []
  ignore line: [Run Build Command(s):/bin/make -f Makefile cmTC_259a0/fast && /bin/make  -f CMakeFiles/cmTC_259a0.dir/build.make CMakeFiles/cmTC_259a0.dir/build]
  ignore line: [make[1]: Entering directory '/works/packages/libqtxdg/trunk/core/build/CMakeFiles/CMakeTmp']
  ignore line: [Building CXX object CMakeFiles/cmTC_259a0.dir/CMakeCXXCompilerABI.cpp.o]
  ignore line: [/bin/c++   -v -o CMakeFiles/cmTC_259a0.dir/CMakeCXXCompilerABI.cpp.o -c /usr/share/cmake-3.21/Modules/CMakeCXXCompilerABI.cpp]
  ignore line: [Using built-in specs.]
  ignore line: [COLLECT_GCC=/bin/c++]
  ignore line: [Target: x86_64-linux-musl]
  ignore line: [Configured with: /builddir/gcc-10.2.1_pre1/configure --build=x86_64-linux-musl --disable-gnu-unique-object --disable-libsanitizer --disable-symvers libat_cv_have_ifunc=no --enable-vtable-verify --prefix=/usr --mandir=/usr/share/man --infodir=/usr/share/info --libexecdir=/usr/lib64 --libdir=/usr/lib64 --enable-threads=posix --enable-__cxa_atexit --disable-multilib --with-system-zlib --enable-shared --enable-lto --enable-plugins --enable-linker-build-id --disable-werror --disable-nls --enable-default-pie --enable-default-ssp --enable-checking=release --disable-libstdcxx-pch --with-isl --with-linker-hash-style=gnu --disable-sjlj-exceptions --disable-target-libiberty --enable-languages=c c++ objc obj-c++ fortran lto go ada]
  ignore line: [Thread model: posix]
  ignore line: [Supported LTO compression algorithms: zlib]
  ignore line: [gcc version 10.2.1 20201203 (GCC) ]
  ignore line: [COLLECT_GCC_OPTIONS='-v' '-o' 'CMakeFiles/cmTC_259a0.dir/CMakeCXXCompilerABI.cpp.o' '-c' '-shared-libgcc' '-mtune=generic' '-march=x86-64']
  ignore line: [ /usr/lib64/gcc/x86_64-linux-musl/10.2.1/cc1plus -quiet -v -D_GNU_SOURCE /usr/share/cmake-3.21/Modules/CMakeCXXCompilerABI.cpp -quiet -dumpbase CMakeCXXCompilerABI.cpp -mtune=generic -march=x86-64 -auxbase-strip CMakeFiles/cmTC_259a0.dir/CMakeCXXCompilerABI.cpp.o -version -o /tmp/ccpCpNbg.s]
  ignore line: [GNU C++14 (GCC) version 10.2.1 20201203 (x86_64-linux-musl)]
  ignore line: [	compiled by GNU C version 10.2.1 20201203  GMP version 6.2.0  MPFR version 4.1.0  MPC version 1.1.0  isl version isl-0.21-GMP]
  ignore line: []
  ignore line: [GGC heuristics: --param ggc-min-expand=100 --param ggc-min-heapsize=131072]
  ignore line: [ignoring nonexistent directory "/usr/lib64/gcc/x86_64-linux-musl/10.2.1/../../../../x86_64-linux-musl/include"]
  ignore line: [#include "..." search starts here:]
  ignore line: [#include <...> search starts here:]
  ignore line: [ /usr/lib64/gcc/x86_64-linux-musl/10.2.1/../../../../include/c++/10.2.1]
  ignore line: [ /usr/lib64/gcc/x86_64-linux-musl/10.2.1/../../../../include/c++/10.2.1/x86_64-linux-musl]
  ignore line: [ /usr/lib64/gcc/x86_64-linux-musl/10.2.1/../../../../include/c++/10.2.1/backward]
  ignore line: [ /usr/local/include]
  ignore line: [ /usr/include]
  ignore line: [ /usr/lib64/gcc/x86_64-linux-musl/10.2.1/include]
  ignore line: [End of search list.]
  ignore line: [GNU C++14 (GCC) version 10.2.1 20201203 (x86_64-linux-musl)]
  ignore line: [	compiled by GNU C version 10.2.1 20201203  GMP version 6.2.0  MPFR version 4.1.0  MPC version 1.1.0  isl version isl-0.21-GMP]
  ignore line: []
  ignore line: [GGC heuristics: --param ggc-min-expand=100 --param ggc-min-heapsize=131072]
  ignore line: [Compiler executable checksum: 64f0e223f40ed24f089e03b7c3b032e2]
  ignore line: [COLLECT_GCC_OPTIONS='-v' '-o' 'CMakeFiles/cmTC_259a0.dir/CMakeCXXCompilerABI.cpp.o' '-c' '-shared-libgcc' '-mtune=generic' '-march=x86-64']
  ignore line: [ as -v --64 -o CMakeFiles/cmTC_259a0.dir/CMakeCXXCompilerABI.cpp.o /tmp/ccpCpNbg.s]
  ignore line: [GNU assembler version 2.35.1 (x86_64-unknown-linux-musl) using BFD version (GNU Binutils) 2.35.1]
  ignore line: [COMPILER_PATH=/usr/lib64/gcc/x86_64-linux-musl/10.2.1/:/usr/lib64/gcc/x86_64-linux-musl/10.2.1/:/usr/lib64/gcc/x86_64-linux-musl/:/usr/lib64/gcc/x86_64-linux-musl/10.2.1/:/usr/lib64/gcc/x86_64-linux-musl/]
  ignore line: [LIBRARY_PATH=/usr/lib64/gcc/x86_64-linux-musl/10.2.1/:/usr/lib64/gcc/x86_64-linux-musl/10.2.1/../../../../lib64/:/lib/../lib64/:/usr/lib/../lib64/:/usr/lib64/gcc/x86_64-linux-musl/10.2.1/../../../:/lib/:/usr/lib/]
  ignore line: [COLLECT_GCC_OPTIONS='-v' '-o' 'CMakeFiles/cmTC_259a0.dir/CMakeCXXCompilerABI.cpp.o' '-c' '-shared-libgcc' '-mtune=generic' '-march=x86-64']
  ignore line: [Linking CXX executable cmTC_259a0]
  ignore line: [/usr/bin/cmake -E cmake_link_script CMakeFiles/cmTC_259a0.dir/link.txt --verbose=1]
  ignore line: [/bin/c++  -v -rdynamic CMakeFiles/cmTC_259a0.dir/CMakeCXXCompilerABI.cpp.o -o cmTC_259a0 ]
  ignore line: [Using built-in specs.]
  ignore line: [COLLECT_GCC=/bin/c++]
  ignore line: [COLLECT_LTO_WRAPPER=/usr/lib64/gcc/x86_64-linux-musl/10.2.1/lto-wrapper]
  ignore line: [Target: x86_64-linux-musl]
  ignore line: [Configured with: /builddir/gcc-10.2.1_pre1/configure --build=x86_64-linux-musl --disable-gnu-unique-object --disable-libsanitizer --disable-symvers libat_cv_have_ifunc=no --enable-vtable-verify --prefix=/usr --mandir=/usr/share/man --infodir=/usr/share/info --libexecdir=/usr/lib64 --libdir=/usr/lib64 --enable-threads=posix --enable-__cxa_atexit --disable-multilib --with-system-zlib --enable-shared --enable-lto --enable-plugins --enable-linker-build-id --disable-werror --disable-nls --enable-default-pie --enable-default-ssp --enable-checking=release --disable-libstdcxx-pch --with-isl --with-linker-hash-style=gnu --disable-sjlj-exceptions --disable-target-libiberty --enable-languages=c c++ objc obj-c++ fortran lto go ada]
  ignore line: [Thread model: posix]
  ignore line: [Supported LTO compression algorithms: zlib]
  ignore line: [gcc version 10.2.1 20201203 (GCC) ]
  ignore line: [COMPILER_PATH=/usr/lib64/gcc/x86_64-linux-musl/10.2.1/:/usr/lib64/gcc/x86_64-linux-musl/10.2.1/:/usr/lib64/gcc/x86_64-linux-musl/:/usr/lib64/gcc/x86_64-linux-musl/10.2.1/:/usr/lib64/gcc/x86_64-linux-musl/]
  ignore line: [LIBRARY_PATH=/usr/lib64/gcc/x86_64-linux-musl/10.2.1/:/usr/lib64/gcc/x86_64-linux-musl/10.2.1/../../../../lib64/:/lib/../lib64/:/usr/lib/../lib64/:/usr/lib64/gcc/x86_64-linux-musl/10.2.1/../../../:/lib/:/usr/lib/]
  ignore line: [COLLECT_GCC_OPTIONS='-v' '-rdynamic' '-o' 'cmTC_259a0' '-shared-libgcc' '-mtune=generic' '-march=x86-64']
  link line: [ /usr/lib64/gcc/x86_64-linux-musl/10.2.1/collect2 -plugin /usr/lib64/gcc/x86_64-linux-musl/10.2.1/liblto_plugin.so -plugin-opt=/usr/lib64/gcc/x86_64-linux-musl/10.2.1/lto-wrapper -plugin-opt=-fresolution=/tmp/ccekaNEK.res -plugin-opt=-pass-through=-lgcc_s -plugin-opt=-pass-through=-lgcc -plugin-opt=-pass-through=-lc -plugin-opt=-pass-through=-lgcc_s -plugin-opt=-pass-through=-lgcc --build-id --eh-frame-hdr --hash-style=gnu -m elf_x86_64 -export-dynamic -dynamic-linker /lib/ld-musl-x86_64.so.1 -pie -o cmTC_259a0 /usr/lib64/gcc/x86_64-linux-musl/10.2.1/../../../../lib64/Scrt1.o /usr/lib64/gcc/x86_64-linux-musl/10.2.1/../../../../lib64/crti.o /usr/lib64/gcc/x86_64-linux-musl/10.2.1/crtbeginS.o -L/usr/lib64/gcc/x86_64-linux-musl/10.2.1 -L/usr/lib64/gcc/x86_64-linux-musl/10.2.1/../../../../lib64 -L/lib/../lib64 -L/usr/lib/../lib64 -L/usr/lib64/gcc/x86_64-linux-musl/10.2.1/../../.. CMakeFiles/cmTC_259a0.dir/CMakeCXXCompilerABI.cpp.o -lstdc++ -lm -lssp_nonshared -lgcc_s -lgcc -lc -lgcc_s -lgcc /usr/lib64/gcc/x86_64-linux-musl/10.2.1/crtendS.o /usr/lib64/gcc/x86_64-linux-musl/10.2.1/../../../../lib64/crtn.o]
    arg [/usr/lib64/gcc/x86_64-linux-musl/10.2.1/collect2] ==> ignore
    arg [-plugin] ==> ignore
    arg [/usr/lib64/gcc/x86_64-linux-musl/10.2.1/liblto_plugin.so] ==> ignore
    arg [-plugin-opt=/usr/lib64/gcc/x86_64-linux-musl/10.2.1/lto-wrapper] ==> ignore
    arg [-plugin-opt=-fresolution=/tmp/ccekaNEK.res] ==> ignore
    arg [-plugin-opt=-pass-through=-lgcc_s] ==> ignore
    arg [-plugin-opt=-pass-through=-lgcc] ==> ignore
    arg [-plugin-opt=-pass-through=-lc] ==> ignore
    arg [-plugin-opt=-pass-through=-lgcc_s] ==> ignore
    arg [-plugin-opt=-pass-through=-lgcc] ==> ignore
    arg [--build-id] ==> ignore
    arg [--eh-frame-hdr] ==> ignore
    arg [--hash-style=gnu] ==> ignore
    arg [-m] ==> ignore
    arg [elf_x86_64] ==> ignore
    arg [-export-dynamic] ==> ignore
    arg [-dynamic-linker] ==> ignore
    arg [/lib/ld-musl-x86_64.so.1] ==> ignore
    arg [-pie] ==> ignore
    arg [-o] ==> ignore
    arg [cmTC_259a0] ==> ignore
    arg [/usr/lib64/gcc/x86_64-linux-musl/10.2.1/../../../../lib64/Scrt1.o] ==> obj [/usr/lib64/gcc/x86_64-linux-musl/10.2.1/../../../../lib64/Scrt1.o]
    arg [/usr/lib64/gcc/x86_64-linux-musl/10.2.1/../../../../lib64/crti.o] ==> obj [/usr/lib64/gcc/x86_64-linux-musl/10.2.1/../../../../lib64/crti.o]
    arg [/usr/lib64/gcc/x86_64-linux-musl/10.2.1/crtbeginS.o] ==> obj [/usr/lib64/gcc/x86_64-linux-musl/10.2.1/crtbeginS.o]
    arg [-L/usr/lib64/gcc/x86_64-linux-musl/10.2.1] ==> dir [/usr/lib64/gcc/x86_64-linux-musl/10.2.1]
    arg [-L/usr/lib64/gcc/x86_64-linux-musl/10.2.1/../../../../lib64] ==> dir [/usr/lib64/gcc/x86_64-linux-musl/10.2.1/../../../../lib64]
    arg [-L/lib/../lib64] ==> dir [/lib/../lib64]
    arg [-L/usr/lib/../lib64] ==> dir [/usr/lib/../lib64]
    arg [-L/usr/lib64/gcc/x86_64-linux-musl/10.2.1/../../..] ==> dir [/usr/lib64/gcc/x86_64-linux-musl/10.2.1/../../..]
    arg [CMakeFiles/cmTC_259a0.dir/CMakeCXXCompilerABI.cpp.o] ==> ignore
    arg [-lstdc++] ==> lib [stdc++]
    arg [-lm] ==> lib [m]
    arg [-lssp_nonshared] ==> lib [ssp_nonshared]
    arg [-lgcc_s] ==> lib [gcc_s]
    arg [-lgcc] ==> lib [gcc]
    arg [-lc] ==> lib [c]
    arg [-lgcc_s] ==> lib [gcc_s]
    arg [-lgcc] ==> lib [gcc]
    arg [/usr/lib64/gcc/x86_64-linux-musl/10.2.1/crtendS.o] ==> obj [/usr/lib64/gcc/x86_64-linux-musl/10.2.1/crtendS.o]
    arg [/usr/lib64/gcc/x86_64-linux-musl/10.2.1/../../../../lib64/crtn.o] ==> obj [/usr/lib64/gcc/x86_64-linux-musl/10.2.1/../../../../lib64/crtn.o]
  collapse obj [/usr/lib64/gcc/x86_64-linux-musl/10.2.1/../../../../lib64/Scrt1.o] ==> [/usr/lib64/Scrt1.o]
  collapse obj [/usr/lib64/gcc/x86_64-linux-musl/10.2.1/../../../../lib64/crti.o] ==> [/usr/lib64/crti.o]
  collapse obj [/usr/lib64/gcc/x86_64-linux-musl/10.2.1/../../../../lib64/crtn.o] ==> [/usr/lib64/crtn.o]
  collapse library dir [/usr/lib64/gcc/x86_64-linux-musl/10.2.1] ==> [/usr/lib64/gcc/x86_64-linux-musl/10.2.1]
  collapse library dir [/usr/lib64/gcc/x86_64-linux-musl/10.2.1/../../../../lib64] ==> [/usr/lib64]
  collapse library dir [/lib/../lib64] ==> [/lib64]
  collapse library dir [/usr/lib/../lib64] ==> [/usr/lib64]
  collapse library dir [/usr/lib64/gcc/x86_64-linux-musl/10.2.1/../../..] ==> [/usr/lib64]
  implicit libs: [stdc++;m;ssp_nonshared;gcc_s;gcc;c;gcc_s;gcc]
  implicit objs: [/usr/lib64/Scrt1.o;/usr/lib64/crti.o;/usr/lib64/gcc/x86_64-linux-musl/10.2.1/crtbeginS.o;/usr/lib64/gcc/x86_64-linux-musl/10.2.1/crtendS.o;/usr/lib64/crtn.o]
  implicit dirs: [/usr/lib64/gcc/x86_64-linux-musl/10.2.1;/usr/lib64;/lib64]
  implicit fwks: []


Performing C++ SOURCE FILE Test COMPILER_HAS_HIDDEN_VISIBILITY succeeded with the following output:
Change Dir: /works/packages/libqtxdg/trunk/core/build/CMakeFiles/CMakeTmp

Run Build Command(s):/bin/make -f Makefile cmTC_313ef/fast && /bin/make  -f CMakeFiles/cmTC_313ef.dir/build.make CMakeFiles/cmTC_313ef.dir/build
make[1]: Entering directory '/works/packages/libqtxdg/trunk/core/build/CMakeFiles/CMakeTmp'
Building CXX object CMakeFiles/cmTC_313ef.dir/src.cxx.o
/bin/c++ -DCOMPILER_HAS_HIDDEN_VISIBILITY  -fno-exceptions -Wall -Wextra -Wchar-subscripts -Wno-long-long -Wpointer-arith -Wundef -Wformat-security -Wnon-virtual-dtor -Woverloaded-virtual -Wpedantic    -fvisibility=hidden -o CMakeFiles/cmTC_313ef.dir/src.cxx.o -c /works/packages/libqtxdg/trunk/core/build/CMakeFiles/CMakeTmp/src.cxx
Linking CXX executable cmTC_313ef
/usr/bin/cmake -E cmake_link_script CMakeFiles/cmTC_313ef.dir/link.txt --verbose=1
/bin/c++  -fno-exceptions -Wall -Wextra -Wchar-subscripts -Wno-long-long -Wpointer-arith -Wundef -Wformat-security -Wnon-virtual-dtor -Woverloaded-virtual -Wpedantic  -rdynamic CMakeFiles/cmTC_313ef.dir/src.cxx.o -o cmTC_313ef 
make[1]: Leaving directory '/works/packages/libqtxdg/trunk/core/build/CMakeFiles/CMakeTmp'


Source file was:
int main() { return 0; }
Performing C++ SOURCE FILE Test COMPILER_HAS_HIDDEN_INLINE_VISIBILITY succeeded with the following output:
Change Dir: /works/packages/libqtxdg/trunk/core/build/CMakeFiles/CMakeTmp

Run Build Command(s):/bin/make -f Makefile cmTC_27477/fast && /bin/make  -f CMakeFiles/cmTC_27477.dir/build.make CMakeFiles/cmTC_27477.dir/build
make[1]: Entering directory '/works/packages/libqtxdg/trunk/core/build/CMakeFiles/CMakeTmp'
Building CXX object CMakeFiles/cmTC_27477.dir/src.cxx.o
/bin/c++ -DCOMPILER_HAS_HIDDEN_INLINE_VISIBILITY  -fno-exceptions -Wall -Wextra -Wchar-subscripts -Wno-long-long -Wpointer-arith -Wundef -Wformat-security -Wnon-virtual-dtor -Woverloaded-virtual -Wpedantic    -fvisibility-inlines-hidden -o CMakeFiles/cmTC_27477.dir/src.cxx.o -c /works/packages/libqtxdg/trunk/core/build/CMakeFiles/CMakeTmp/src.cxx
Linking CXX executable cmTC_27477
/usr/bin/cmake -E cmake_link_script CMakeFiles/cmTC_27477.dir/link.txt --verbose=1
/bin/c++  -fno-exceptions -Wall -Wextra -Wchar-subscripts -Wno-long-long -Wpointer-arith -Wundef -Wformat-security -Wnon-virtual-dtor -Woverloaded-virtual -Wpedantic  -rdynamic CMakeFiles/cmTC_27477.dir/src.cxx.o -o cmTC_27477 
make[1]: Leaving directory '/works/packages/libqtxdg/trunk/core/build/CMakeFiles/CMakeTmp'


Source file was:
int main() { return 0; }
Performing C++ SOURCE FILE Test COMPILER_HAS_DEPRECATED_ATTR succeeded with the following output:
Change Dir: /works/packages/libqtxdg/trunk/core/build/CMakeFiles/CMakeTmp

Run Build Command(s):/bin/make -f Makefile cmTC_4ddcb/fast && /bin/make  -f CMakeFiles/cmTC_4ddcb.dir/build.make CMakeFiles/cmTC_4ddcb.dir/build
make[1]: Entering directory '/works/packages/libqtxdg/trunk/core/build/CMakeFiles/CMakeTmp'
Building CXX object CMakeFiles/cmTC_4ddcb.dir/src.cxx.o
/bin/c++ -DCOMPILER_HAS_DEPRECATED_ATTR  -fno-exceptions -Wall -Wextra -Wchar-subscripts -Wno-long-long -Wpointer-arith -Wundef -Wformat-security -Wnon-virtual-dtor -Woverloaded-virtual -Wpedantic  -o CMakeFiles/cmTC_4ddcb.dir/src.cxx.o -c /works/packages/libqtxdg/trunk/core/build/CMakeFiles/CMakeTmp/src.cxx
/works/packages/libqtxdg/trunk/core/build/CMakeFiles/CMakeTmp/src.cxx: In function 'int main()':
/works/packages/libqtxdg/trunk/core/build/CMakeFiles/CMakeTmp/src.cxx:2:34: warning: 'int somefunc()' is deprecated [-Wdeprecated-declarations]
    2 |     int main() { return somefunc();}
      |                                  ^
/works/packages/libqtxdg/trunk/core/build/CMakeFiles/CMakeTmp/src.cxx:1:37: note: declared here
    1 | __attribute__((__deprecated__)) int somefunc() { return 0; }
      |                                     ^~~~~~~~
Linking CXX executable cmTC_4ddcb
/usr/bin/cmake -E cmake_link_script CMakeFiles/cmTC_4ddcb.dir/link.txt --verbose=1
/bin/c++  -fno-exceptions -Wall -Wextra -Wchar-subscripts -Wno-long-long -Wpointer-arith -Wundef -Wformat-security -Wnon-virtual-dtor -Woverloaded-virtual -Wpedantic  -rdynamic CMakeFiles/cmTC_4ddcb.dir/src.cxx.o -o cmTC_4ddcb 
make[1]: Leaving directory '/works/packages/libqtxdg/trunk/core/build/CMakeFiles/CMakeTmp'


Source file was:
__attribute__((__deprecated__)) int somefunc() { return 0; }
    int main() { return somefunc();}
